#
# There is insufficient memory for the Java Runtime Environment to continue.
# Native memory allocation (mmap) failed to map 536870912 bytes for Failed to commit area from 0x00000000a0c00000 to 0x00000000c0c00000 of length 536870912.
# Possible reasons:
#   The system is out of physical RAM or swap space
#   The process is running with CompressedOops enabled, and the Java Heap may be blocking the growth of the native heap
# Possible solutions:
#   Reduce memory load on the system
#   Increase physical memory or swap space
#   Check if swap backing store is full
#   Decrease Java heap size (-Xmx/-Xms)
#   Decrease number of Java threads
#   Decrease Java thread stack sizes (-Xss)
#   Set larger code cache with -XX:ReservedCodeCacheSize=
# This output file may be truncated or incomplete.
#
#  Out of Memory Error (t:/workspace/open/src/hotspot/os/windows/os_windows.cpp:3221), pid=14332, tid=5828
#
# JRE version:  (10.0.2+13) (build )
# Java VM: Java HotSpot(TM) 64-Bit Server VM (10.0.2+13, mixed mode, aot, tiered, compressed oops, g1 gc, windows-amd64)
# No core dump will be written. Minidumps are not enabled by default on client versions of Windows
#

---------------  S U M M A R Y ------------

Command Line: -Xms512M -Xmx1524M -XX:+HeapDumpOnOutOfMemoryError -Dfile.encoding=Cp1252 NetworkTester

Host: Intel(R) Core(TM) i5-7200U CPU @ 2.50GHz, 4 cores, 7G,  Windows 10 , 64 bit Build 17134 (10.0.17134.1)
Time: Wed Feb 13 15:02:59 2019 Central Standard Time elapsed time: 0 seconds (0d 0h 0m 0s)

---------------  T H R E A D  ---------------

Current thread (0x000001f68b99c800):  JavaThread "Unknown thread" [_thread_in_vm, id=5828, stack(0x00000077d3600000,0x00000077d3700000)]

Stack: [0x00000077d3600000,0x00000077d3700000]
Native frames: (J=compiled Java code, j=interpreted, Vv=VM code, C=native code)
V  [jvm.dll+0x5a01a9]
V  [jvm.dll+0x6bcf31]
V  [jvm.dll+0x6be126]
V  [jvm.dll+0x6be7b3]
V  [jvm.dll+0x234978]
V  [jvm.dll+0x59dac4]
V  [jvm.dll+0x592825]
V  [jvm.dll+0x2f632b]
V  [jvm.dll+0x2f6295]
V  [jvm.dll+0x2f6172]
V  [jvm.dll+0x2f8366]
V  [jvm.dll+0x344293]
V  [jvm.dll+0x3449a6]
V  [jvm.dll+0x344393]
V  [jvm.dll+0x2c4628]
V  [jvm.dll+0x2c5771]
V  [jvm.dll+0x69d1db]
V  [jvm.dll+0x69e9fc]
V  [jvm.dll+0x3519e9]
V  [jvm.dll+0x6856a2]
V  [jvm.dll+0x3ba0c3]
V  [jvm.dll+0x3bc261]
C  [javaw.exe+0x3541]
C  [javaw.exe+0xe1cf]
C  [javaw.exe+0xe376]
C  [KERNEL32.DLL+0x13034]
C  [ntdll.dll+0x73691]


---------------  P R O C E S S  ---------------

Threads class SMR info:
_java_thread_list=0x000001f6898c6cd0, length=0, elements={
}

Java Threads: ( => current thread )

Other Threads:
  0x000001f68b9b7800 GCTaskThread "GC Thread#0" [stack: 0x00000077d3700000,0x00000077d3800000] [id=13728]
  0x000001f68b9ba000 GCTaskThread "GC Thread#1" [stack: 0x00000077d3800000,0x00000077d3900000] [id=12236]
  0x000001f68b9bd800 GCTaskThread "GC Thread#2" [stack: 0x00000077d3900000,0x00000077d3a00000] [id=12312]
  0x000001f68b9bf800 GCTaskThread "GC Thread#3" [stack: 0x00000077d3a00000,0x00000077d3b00000] [id=11972]
  0x000001f68ba12000 ConcurrentGCThread "G1 Main Marker" [stack: 0x00000077d3b00000,0x00000077d3c00000] [id=2760]
  0x000001f68ba1a000 ConcurrentGCThread "G1 Conc#0" [stack: 0x00000077d3c00000,0x00000077d3d00000] [id=236]

[error occurred during error reporting (printing all threads), id 0xe0000002]

VM state:not at safepoint (not fully initialized)

VM Mutex/Monitor currently owned by a thread:  ([mutex/lock_event])
[0x000001f68b99ac30] Heap_lock - owner thread: 0x000001f68b99c800

Heap address: 0x00000000a0c00000, size: 1524 MB, Compressed Oops mode: Non-zero based: 0x00000000a0c00000
Narrow klass base: 0x0000000000000000, Narrow klass shift: 0

GC Heap History (0 events):
No events

Deoptimization events (0 events):
No events

Classes redefined (0 events):
No events

Internal exceptions (0 events):
No events

Events (0 events):
No events


Dynamic libraries:
0x00007ff62c4f0000 - 0x00007ff62c52e000 	C:\Program Files\Java\jre-10.0.2\bin\javaw.exe
0x00007ffb5fd50000 - 0x00007ffb5ff31000 	C:\WINDOWS\SYSTEM32\ntdll.dll
0x00007ffb5ebe0000 - 0x00007ffb5ec92000 	C:\WINDOWS\System32\KERNEL32.DLL
0x00007ffb5cf60000 - 0x00007ffb5d1d3000 	C:\WINDOWS\System32\KERNELBASE.dll
0x00007ffb5d6f0000 - 0x00007ffb5d791000 	C:\WINDOWS\System32\ADVAPI32.dll
0x00007ffb5f240000 - 0x00007ffb5f2de000 	C:\WINDOWS\System32\msvcrt.dll
0x00007ffb5ecd0000 - 0x00007ffb5ed2b000 	C:\WINDOWS\System32\sechost.dll
0x00007ffb5d1e0000 - 0x00007ffb5d304000 	C:\WINDOWS\System32\RPCRT4.dll
0x00007ffb5ef30000 - 0x00007ffb5f0c0000 	C:\WINDOWS\System32\USER32.dll
0x00007ffb5c1f0000 - 0x00007ffb5c210000 	C:\WINDOWS\System32\win32u.dll
0x00007ffb5fc20000 - 0x00007ffb5fc48000 	C:\WINDOWS\System32\GDI32.dll
0x00007ffb5cad0000 - 0x00007ffb5cc62000 	C:\WINDOWS\System32\gdi32full.dll
0x00007ffb5ca30000 - 0x00007ffb5cacf000 	C:\WINDOWS\System32\msvcp_win.dll
0x00007ffb5ce60000 - 0x00007ffb5cf5a000 	C:\WINDOWS\System32\ucrtbase.dll
0x00007ffb3fdc0000 - 0x00007ffb40029000 	C:\WINDOWS\WinSxS\amd64_microsoft.windows.common-controls_6595b64144ccf1df_6.0.17134.523_none_fb409dd930672a56\COMCTL32.dll
0x00007ffb48b20000 - 0x00007ffb48b2a000 	C:\WINDOWS\SYSTEM32\VERSION.dll
0x00007ffb5f8f0000 - 0x00007ffb5fc12000 	C:\WINDOWS\System32\combase.dll
0x00007ffb5c120000 - 0x00007ffb5c19a000 	C:\WINDOWS\System32\bcryptPrimitives.dll
0x00007ffb5eca0000 - 0x00007ffb5eccd000 	C:\WINDOWS\System32\IMM32.DLL
0x00007ffb4bdc0000 - 0x00007ffb4beaf000 	C:\Program Files\Java\jre-10.0.2\bin\msvcr120.dll
0x00007ffb4b830000 - 0x00007ffb4b8d6000 	C:\Program Files\Java\jre-10.0.2\bin\msvcp120.dll
0x000000006ff10000 - 0x0000000070980000 	C:\Program Files\Java\jre-10.0.2\bin\server\jvm.dll
0x00007ffb5ed30000 - 0x00007ffb5ed38000 	C:\WINDOWS\System32\PSAPI.DLL
0x00007ffb53970000 - 0x00007ffb53979000 	C:\WINDOWS\SYSTEM32\WSOCK32.dll
0x00007ffb59a40000 - 0x00007ffb59a63000 	C:\WINDOWS\SYSTEM32\WINMM.dll
0x00007ffb5ed40000 - 0x00007ffb5edac000 	C:\WINDOWS\System32\WS2_32.dll
0x00007ffb59a10000 - 0x00007ffb59a3a000 	C:\WINDOWS\SYSTEM32\WINMMBASE.dll
0x00007ffb5c1a0000 - 0x00007ffb5c1e9000 	C:\WINDOWS\System32\cfgmgr32.dll
0x00007ffb530e0000 - 0x00007ffb530ef000 	C:\Program Files\Java\jre-10.0.2\bin\verify.dll
0x00007ffb5a150000 - 0x00007ffb5a319000 	C:\WINDOWS\SYSTEM32\DBGHELP.DLL
0x00007ffb40470000 - 0x00007ffb40499000 	C:\WINDOWS\SYSTEM32\dbgcore.DLL
0x00007ffb52a00000 - 0x00007ffb52a27000 	C:\Program Files\Java\jre-10.0.2\bin\java.dll
0x00007ffb53020000 - 0x00007ffb53036000 	C:\Program Files\Java\jre-10.0.2\bin\zip.dll
0x00007ffb53000000 - 0x00007ffb5300a000 	C:\Program Files\Java\jre-10.0.2\bin\jimage.dll

dbghelp: loaded successfully - version: 4.0.5 - missing functions: none
symbol engine: initialized successfully - sym options: 0x614 - pdb path: .;C:\Program Files\Java\jre-10.0.2\bin;C:\WINDOWS\SYSTEM32;C:\WINDOWS\WinSxS\amd64_microsoft.windows.common-controls_6595b64144ccf1df_6.0.17134.523_none_fb409dd930672a56;C:\Program Files\Java\jre-10.0.2\bin\server

VM Arguments:
jvm_args: -Xms512M -Xmx1524M -XX:+HeapDumpOnOutOfMemoryError -Dfile.encoding=Cp1252 
java_command: NetworkTester
java_class_path (initial): C:\Users\kuhnm\Desktop\NeuralNet\bin
Launcher Type: SUN_STANDARD

Logging:
Log output configuration:
#0: stdout all=warning uptime,level,tags
#1: stderr all=off uptime,level,tags

Environment Variables:
JAVA_HOME=C:\Program Files\Java\jdk-10.0.2;C:\Program Files\JetBrains\PyCharm2018.2.2\jre64\\bin\server\jvm.dll;
PATH=C:\Program Files\Java\jdk-10.0.2;C:\Program Files (x86)\Common Files\Oracle\Java\javapath;C:\WINDOWS\system32;C:\WINDOWS;C:\WINDOWS\System32\Wbem;C:\WINDOWS\System32\WindowsPowerShell\v1.0\;C:\WINDOWS\System32\OpenSSH\;C:\Program Files\Git\cmd;C:\Users\kuhnm\AppData\Local\Microsoft\WindowsApps;;C:\Program Files\JetBrains\PyCharm Community Edition 2018.3\bin;
USERNAME=kuhnm
OS=Windows_NT
PROCESSOR_IDENTIFIER=Intel64 Family 6 Model 142 Stepping 9, GenuineIntel



---------------  S Y S T E M  ---------------

OS: Windows 10 , 64 bit Build 17134 (10.0.17134.1)

CPU:total 4 (initial active 4) (2 cores per cpu, 2 threads per core) family 6 model 142 stepping 9, cmov, cx8, fxsr, mmx, sse, sse2, sse3, ssse3, sse4.1, sse4.2, popcnt, avx, avx2, aes, clmul, erms, 3dnowpref, lzcnt, ht, tsc, tscinvbit, bmi1, bmi2, adx, fma

Memory: 4k page, physical 8312092k(2596148k free), swap 23765292k(53608k free)

vm_info: Java HotSpot(TM) 64-Bit Server VM (10.0.2+13) for windows-amd64 JRE (10.0.2+13), built on Jun 28 2018 01:57:56 by "mach5one" with MS VC++ 12.0 (VS2013)

END.
