#
# There is insufficient memory for the Java Runtime Environment to continue.
# Native memory allocation (mmap) failed to map 536870912 bytes for Failed to commit area from 0x00000000a0c00000 to 0x00000000c0c00000 of length 536870912.
# Possible reasons:
#   The system is out of physical RAM or swap space
#   The process is running with CompressedOops enabled, and the Java Heap may be blocking the growth of the native heap
# Possible solutions:
#   Reduce memory load on the system
#   Increase physical memory or swap space
#   Check if swap backing store is full
#   Decrease Java heap size (-Xmx/-Xms)
#   Decrease number of Java threads
#   Decrease Java thread stack sizes (-Xss)
#   Set larger code cache with -XX:ReservedCodeCacheSize=
# This output file may be truncated or incomplete.
#
#  Out of Memory Error (t:/workspace/open/src/hotspot/os/windows/os_windows.cpp:3221), pid=3148, tid=11932
#
# JRE version:  (10.0.2+13) (build )
# Java VM: Java HotSpot(TM) 64-Bit Server VM (10.0.2+13, mixed mode, aot, tiered, compressed oops, g1 gc, windows-amd64)
# No core dump will be written. Minidumps are not enabled by default on client versions of Windows
#

---------------  S U M M A R Y ------------

Command Line: -Xms512M -Xmx1524M -XX:+HeapDumpOnOutOfMemoryError -Dfile.encoding=Cp1252 NetworkTester

Host: Intel(R) Core(TM) i5-7200U CPU @ 2.50GHz, 4 cores, 7G,  Windows 10 , 64 bit Build 17134 (10.0.17134.556)
Time: Thu Feb 14 15:37:31 2019 Central Standard Time elapsed time: 0 seconds (0d 0h 0m 0s)

---------------  T H R E A D  ---------------

Current thread (0x00000129ffdeb800):  JavaThread "Unknown thread" [_thread_in_vm, id=11932, stack(0x0000001702b00000,0x0000001702c00000)]

Stack: [0x0000001702b00000,0x0000001702c00000]
Native frames: (J=compiled Java code, j=interpreted, Vv=VM code, C=native code)
V  [jvm.dll+0x5a01a9]
V  [jvm.dll+0x6bcf31]
V  [jvm.dll+0x6be126]
V  [jvm.dll+0x6be7b3]
V  [jvm.dll+0x234978]
V  [jvm.dll+0x59dac4]
V  [jvm.dll+0x592825]
V  [jvm.dll+0x2f632b]
V  [jvm.dll+0x2f6295]
V  [jvm.dll+0x2f6172]
V  [jvm.dll+0x2f8366]
V  [jvm.dll+0x344293]
V  [jvm.dll+0x3449a6]
V  [jvm.dll+0x344393]
V  [jvm.dll+0x2c4628]
V  [jvm.dll+0x2c5771]
V  [jvm.dll+0x69d1db]
V  [jvm.dll+0x69e9fc]
V  [jvm.dll+0x3519e9]
V  [jvm.dll+0x6856a2]
V  [jvm.dll+0x3ba0c3]
V  [jvm.dll+0x3bc261]
C  [javaw.exe+0x3541]
C  [javaw.exe+0xe1cf]
C  [javaw.exe+0xe376]
C  [KERNEL32.DLL+0x13dc4]
C  [ntdll.dll+0x73691]


---------------  P R O C E S S  ---------------

Threads class SMR info:
_java_thread_list=0x00000129ff1379b0, length=0, elements={
}

Java Threads: ( => current thread )

Other Threads:
  0x00000129ffdff000 GCTaskThread "GC Thread#0" [stack: 0x0000001702c00000,0x0000001702d00000] [id=9988]
  0x00000129ffe09000 GCTaskThread "GC Thread#1" [stack: 0x0000001702d00000,0x0000001702e00000] [id=3240]
  0x00000129ffe0c800 GCTaskThread "GC Thread#2" [stack: 0x0000001702e00000,0x0000001702f00000] [id=7464]
  0x00000129ffe0e800 GCTaskThread "GC Thread#3" [stack: 0x0000001702f00000,0x0000001703000000] [id=11976]
  0x00000129ffe6e000 ConcurrentGCThread "G1 Main Marker" [stack: 0x0000001703000000,0x0000001703100000] [id=11980]
  0x00000129ffe72000 ConcurrentGCThread "G1 Conc#0" [stack: 0x0000001703100000,0x0000001703200000] [id=11972]

[error occurred during error reporting (printing all threads), id 0xe0000002]

VM state:not at safepoint (not fully initialized)

VM Mutex/Monitor currently owned by a thread:  ([mutex/lock_event])
[0x00000129ffdea9a0] Heap_lock - owner thread: 0x00000129ffdeb800

Heap address: 0x00000000a0c00000, size: 1524 MB, Compressed Oops mode: Non-zero based: 0x00000000a0c00000
Narrow klass base: 0x0000000000000000, Narrow klass shift: 0

GC Heap History (0 events):
No events

Deoptimization events (0 events):
No events

Classes redefined (0 events):
No events

Internal exceptions (0 events):
No events

Events (0 events):
No events


Dynamic libraries:
0x00007ff6daed0000 - 0x00007ff6daf0e000 	C:\Program Files\Java\jre-10.0.2\bin\javaw.exe
0x00007ffca0270000 - 0x00007ffca0451000 	C:\WINDOWS\SYSTEM32\ntdll.dll
0x00007ffc9e800000 - 0x00007ffc9e8b2000 	C:\WINDOWS\System32\KERNEL32.DLL
0x00007ffc9c660000 - 0x00007ffc9c8d3000 	C:\WINDOWS\System32\KERNELBASE.dll
0x00007ffc9d700000 - 0x00007ffc9d7a1000 	C:\WINDOWS\System32\ADVAPI32.dll
0x00007ffc9e040000 - 0x00007ffc9e0de000 	C:\WINDOWS\System32\msvcrt.dll
0x00007ffc9eb40000 - 0x00007ffc9eb9b000 	C:\WINDOWS\System32\sechost.dll
0x00007ffc9e6d0000 - 0x00007ffc9e7f4000 	C:\WINDOWS\System32\RPCRT4.dll
0x00007ffc9ec60000 - 0x00007ffc9edf0000 	C:\WINDOWS\System32\USER32.dll
0x00007ffc9c640000 - 0x00007ffc9c660000 	C:\WINDOWS\System32\win32u.dll
0x00007ffc9e320000 - 0x00007ffc9e348000 	C:\WINDOWS\System32\GDI32.dll
0x00007ffc9d0e0000 - 0x00007ffc9d272000 	C:\WINDOWS\System32\gdi32full.dll
0x00007ffc9d040000 - 0x00007ffc9d0df000 	C:\WINDOWS\System32\msvcp_win.dll
0x00007ffc9d3b0000 - 0x00007ffc9d4aa000 	C:\WINDOWS\System32\ucrtbase.dll
0x00007ffc7c220000 - 0x00007ffc7c489000 	C:\WINDOWS\WinSxS\amd64_microsoft.windows.common-controls_6595b64144ccf1df_6.0.17134.590_none_fb3d9bff3069e088\COMCTL32.dll
0x00007ffc9dc00000 - 0x00007ffc9df22000 	C:\WINDOWS\System32\combase.dll
0x00007ffc9d330000 - 0x00007ffc9d3aa000 	C:\WINDOWS\System32\bcryptPrimitives.dll
0x00007ffc8d3f0000 - 0x00007ffc8d3fa000 	C:\WINDOWS\SYSTEM32\VERSION.dll
0x00007ffc9eba0000 - 0x00007ffc9ebcd000 	C:\WINDOWS\System32\IMM32.DLL
0x00007ffc94cc0000 - 0x00007ffc94daf000 	C:\Program Files\Java\jre-10.0.2\bin\msvcr120.dll
0x00007ffc94c10000 - 0x00007ffc94cb6000 	C:\Program Files\Java\jre-10.0.2\bin\msvcp120.dll
0x0000000072a80000 - 0x00000000734f0000 	C:\Program Files\Java\jre-10.0.2\bin\server\jvm.dll
0x00007ffc9ebd0000 - 0x00007ffc9ebd8000 	C:\WINDOWS\System32\PSAPI.DLL
0x00007ffc958a0000 - 0x00007ffc958a9000 	C:\WINDOWS\SYSTEM32\WSOCK32.dll
0x00007ffc8de90000 - 0x00007ffc8deb3000 	C:\WINDOWS\SYSTEM32\WINMM.dll
0x00007ffc9e970000 - 0x00007ffc9e9dc000 	C:\WINDOWS\System32\WS2_32.dll
0x00007ffc8de60000 - 0x00007ffc8de8a000 	C:\WINDOWS\SYSTEM32\WINMMBASE.dll
0x00007ffc9cff0000 - 0x00007ffc9d039000 	C:\WINDOWS\System32\cfgmgr32.dll
0x00007ffc95890000 - 0x00007ffc9589f000 	C:\Program Files\Java\jre-10.0.2\bin\verify.dll
0x00007ffc9a780000 - 0x00007ffc9a949000 	C:\WINDOWS\SYSTEM32\DBGHELP.DLL
0x00007ffc93cf0000 - 0x00007ffc93d19000 	C:\WINDOWS\SYSTEM32\dbgcore.DLL
0x00007ffc95860000 - 0x00007ffc95887000 	C:\Program Files\Java\jre-10.0.2\bin\java.dll
0x00007ffc95840000 - 0x00007ffc95856000 	C:\Program Files\Java\jre-10.0.2\bin\zip.dll
0x00007ffc95830000 - 0x00007ffc9583a000 	C:\Program Files\Java\jre-10.0.2\bin\jimage.dll

dbghelp: loaded successfully - version: 4.0.5 - missing functions: none
symbol engine: initialized successfully - sym options: 0x614 - pdb path: .;C:\Program Files\Java\jre-10.0.2\bin;C:\WINDOWS\SYSTEM32;C:\WINDOWS\WinSxS\amd64_microsoft.windows.common-controls_6595b64144ccf1df_6.0.17134.590_none_fb3d9bff3069e088;C:\Program Files\Java\jre-10.0.2\bin\server

VM Arguments:
jvm_args: -Xms512M -Xmx1524M -XX:+HeapDumpOnOutOfMemoryError -Dfile.encoding=Cp1252 
java_command: NetworkTester
java_class_path (initial): C:\Users\kuhnm\Desktop\NeuralNet\bin
Launcher Type: SUN_STANDARD

Logging:
Log output configuration:
#0: stdout all=warning uptime,level,tags
#1: stderr all=off uptime,level,tags

Environment Variables:
JAVA_HOME=C:\Program Files\Java\jdk-10.0.2;C:\Program Files\JetBrains\PyCharm2018.2.2\jre64\\bin\server\jvm.dll;
PATH=C:\Program Files\Java\jdk-10.0.2;C:\Program Files (x86)\Common Files\Oracle\Java\javapath;C:\WINDOWS\system32;C:\WINDOWS;C:\WINDOWS\System32\Wbem;C:\WINDOWS\System32\WindowsPowerShell\v1.0\;C:\WINDOWS\System32\OpenSSH\;C:\Program Files\Git\cmd;C:\Users\kuhnm\AppData\Local\Microsoft\WindowsApps;;C:\Program Files\JetBrains\PyCharm Community Edition 2018.3\bin;
USERNAME=kuhnm
OS=Windows_NT
PROCESSOR_IDENTIFIER=Intel64 Family 6 Model 142 Stepping 9, GenuineIntel



---------------  S Y S T E M  ---------------

OS: Windows 10 , 64 bit Build 17134 (10.0.17134.556)

CPU:total 4 (initial active 4) (2 cores per cpu, 2 threads per core) family 6 model 142 stepping 9, cmov, cx8, fxsr, mmx, sse, sse2, sse3, ssse3, sse4.1, sse4.2, popcnt, avx, avx2, aes, clmul, erms, 3dnowpref, lzcnt, ht, tsc, tscinvbit, bmi1, bmi2, adx, fma

Memory: 4k page, physical 8312092k(3477784k free), swap 23599932k(294316k free)

vm_info: Java HotSpot(TM) 64-Bit Server VM (10.0.2+13) for windows-amd64 JRE (10.0.2+13), built on Jun 28 2018 01:57:56 by "mach5one" with MS VC++ 12.0 (VS2013)

END.
